<?xml version="1.0" encoding="UTF-8"?>
<testng-results ignored="0" total="3" passed="3" failed="0" skipped="0">
  <reporter-output>
  </reporter-output>
  <suite started-at="2022-12-28T15:55:19 IST" name="Suite" finished-at="2022-12-28T16:02:29 IST" duration-ms="430554">
    <groups>
    </groups>
    <test started-at="2022-12-28T15:55:19 IST" name="Test" finished-at="2022-12-28T16:02:29 IST" duration-ms="430554">
      <class name="scripts.TestCase1">
        <test-method is-config="true" signature="openApp()[pri:0, instance:scripts.TestCase1@1817d444]" started-at="2022-12-28T15:55:19 IST" name="openApp" finished-at="2022-12-28T15:56:23 IST" duration-ms="63709" status="PASS">
          <reporter-output>
          </reporter-output>
        </test-method> <!-- openApp -->
        <test-method signature="tc1()[pri:0, instance:scripts.TestCase1@1817d444]" started-at="2022-12-28T15:56:23 IST" name="tc1" finished-at="2022-12-28T15:58:07 IST" duration-ms="104277" status="PASS">
          <reporter-output>
          </reporter-output>
        </test-method> <!-- tc1 -->
        <test-method is-config="true" signature="closeaApp(org.testng.ITestResult)[pri:0, instance:scripts.TestCase1@1817d444]" started-at="2022-12-28T15:58:07 IST" name="closeaApp" finished-at="2022-12-28T15:58:11 IST" duration-ms="3536" status="PASS">
          <params>
            <param index="0">
              <value>
                <![CDATA[[TestResult name=tc1 status=SUCCESS method=TestCase1.tc1()[pri:0, instance:scripts.TestCase1@1817d444] output={null}]]]>
              </value>
            </param>
          </params>
          <reporter-output>
          </reporter-output>
        </test-method> <!-- closeaApp -->
      </class> <!-- scripts.TestCase1 -->
      <class name="scripts.TestCase2">
        <test-method is-config="true" signature="openApp()[pri:0, instance:scripts.TestCase2@20ce78ec]" started-at="2022-12-28T15:58:11 IST" name="openApp" finished-at="2022-12-28T15:58:57 IST" duration-ms="46085" status="PASS">
          <reporter-output>
          </reporter-output>
        </test-method> <!-- openApp -->
        <test-method signature="tc2()[pri:0, instance:scripts.TestCase2@20ce78ec]" started-at="2022-12-28T15:58:57 IST" name="tc2" finished-at="2022-12-28T16:00:51 IST" duration-ms="114243" status="PASS">
          <reporter-output>
          </reporter-output>
        </test-method> <!-- tc2 -->
        <test-method is-config="true" signature="closeaApp(org.testng.ITestResult)[pri:0, instance:scripts.TestCase2@20ce78ec]" started-at="2022-12-28T16:00:51 IST" name="closeaApp" finished-at="2022-12-28T16:00:53 IST" duration-ms="2137" status="PASS">
          <params>
            <param index="0">
              <value>
                <![CDATA[[TestResult name=tc2 status=SUCCESS method=TestCase2.tc2()[pri:0, instance:scripts.TestCase2@20ce78ec] output={null}]]]>
              </value>
            </param>
          </params>
          <reporter-output>
          </reporter-output>
        </test-method> <!-- closeaApp -->
      </class> <!-- scripts.TestCase2 -->
      <class name="scripts.TestCase3">
        <test-method is-config="true" signature="openApp()[pri:0, instance:scripts.TestCase3@393671df]" started-at="2022-12-28T16:00:53 IST" name="openApp" finished-at="2022-12-28T16:01:24 IST" duration-ms="30898" status="PASS">
          <reporter-output>
          </reporter-output>
        </test-method> <!-- openApp -->
        <test-method signature="tc3()[pri:0, instance:scripts.TestCase3@393671df]" started-at="2022-12-28T16:01:24 IST" name="tc3" finished-at="2022-12-28T16:02:24 IST" duration-ms="59975" status="PASS">
          <reporter-output>
          </reporter-output>
        </test-method> <!-- tc3 -->
        <test-method is-config="true" signature="closeaApp(org.testng.ITestResult)[pri:0, instance:scripts.TestCase3@393671df]" started-at="2022-12-28T16:02:24 IST" name="closeaApp" finished-at="2022-12-28T16:02:29 IST" duration-ms="5206" status="PASS">
          <params>
            <param index="0">
              <value>
                <![CDATA[[TestResult name=tc3 status=SUCCESS method=TestCase3.tc3()[pri:0, instance:scripts.TestCase3@393671df] output={null}]]]>
              </value>
            </param>
          </params>
          <reporter-output>
          </reporter-output>
        </test-method> <!-- closeaApp -->
      </class> <!-- scripts.TestCase3 -->
    </test> <!-- Test -->
  </suite> <!-- Suite -->
</testng-results>
