<?xml version="1.0" encoding="UTF-8"?>
<testng-results ignored="0" total="1" passed="1" failed="0" skipped="0">
  <reporter-output>
  </reporter-output>
  <suite started-at="2023-01-03T17:18:04 IST" name="Default suite" finished-at="2023-01-03T17:19:12 IST" duration-ms="67279">
    <groups>
    </groups>
    <test started-at="2023-01-03T17:18:04 IST" name="Default test" finished-at="2023-01-03T17:19:12 IST" duration-ms="67279">
      <class name="scripts.TestCase3">
        <test-method is-config="true" signature="openApp()[pri:0, instance:scripts.TestCase3@5e82df6a]" started-at="2023-01-03T17:18:04 IST" name="openApp" finished-at="2023-01-03T17:18:32 IST" duration-ms="27395" status="PASS">
          <reporter-output>
          </reporter-output>
        </test-method> <!-- openApp -->
        <test-method signature="tc3()[pri:0, instance:scripts.TestCase3@5e82df6a]" started-at="2023-01-03T17:18:32 IST" name="tc3" finished-at="2023-01-03T17:19:05 IST" duration-ms="32980" status="PASS">
          <reporter-output>
          </reporter-output>
        </test-method> <!-- tc3 -->
        <test-method is-config="true" signature="closeaApp(org.testng.ITestResult)[pri:0, instance:scripts.TestCase3@5e82df6a]" started-at="2023-01-03T17:19:05 IST" name="closeaApp" finished-at="2023-01-03T17:19:11 IST" duration-ms="6652" status="PASS">
          <params>
            <param index="0">
              <value>
                <![CDATA[[TestResult name=tc3 status=SUCCESS method=TestCase3.tc3()[pri:0, instance:scripts.TestCase3@5e82df6a] output={null}]]]>
              </value>
            </param>
          </params>
          <reporter-output>
          </reporter-output>
        </test-method> <!-- closeaApp -->
      </class> <!-- scripts.TestCase3 -->
    </test> <!-- Default test -->
  </suite> <!-- Default suite -->
</testng-results>
